2026-03-11 20:44:27,415 INFO sqlalchemy.engine.Engine BEGIN (implicit)
2026-03-11 20:44:27,426 INFO sqlalchemy.engine.Engine PRAGMA main.table_info("users")
2026-03-11 20:44:27,433 INFO sqlalchemy.engine.Engine [raw sql] ()
2026-03-11 20:44:27,441 INFO sqlalchemy.engine.Engine PRAGMA main.table_info("categories")
2026-03-11 20:44:27,448 INFO sqlalchemy.engine.Engine [raw sql] ()
2026-03-11 20:44:27,462 INFO sqlalchemy.engine.Engine PRAGMA main.table_info("products")
2026-03-11 20:44:27,476 INFO sqlalchemy.engine.Engine [raw sql] ()
2026-03-11 20:44:27,487 INFO sqlalchemy.engine.Engine PRAGMA main.table_info("product_i18n")
2026-03-11 20:44:27,495 INFO sqlalchemy.engine.Engine [raw sql] ()
2026-03-11 20:44:27,506 INFO sqlalchemy.engine.Engine PRAGMA main.table_info("import_jobs")
2026-03-11 20:44:27,514 INFO sqlalchemy.engine.Engine [raw sql] ()
2026-03-11 20:44:27,516 INFO sqlalchemy.engine.Engine PRAGMA main.table_info("mapping_templates")
2026-03-11 20:44:27,517 INFO sqlalchemy.engine.Engine [raw sql] ()
2026-03-11 20:44:27,518 INFO sqlalchemy.engine.Engine PRAGMA main.table_info("audits")
2026-03-11 20:44:27,518 INFO sqlalchemy.engine.Engine [raw sql] ()
2026-03-11 20:44:27,520 INFO sqlalchemy.engine.Engine PRAGMA main.table_info("attribute_families")
2026-03-11 20:44:27,520 INFO sqlalchemy.engine.Engine [raw sql] ()
2026-03-11 20:44:27,521 INFO sqlalchemy.engine.Engine PRAGMA main.table_info("attribute_definitions")
2026-03-11 20:44:27,521 INFO sqlalchemy.engine.Engine [raw sql] ()
2026-03-11 20:44:27,526 INFO sqlalchemy.engine.Engine PRAGMA main.table_info("media_assets")
2026-03-11 20:44:27,535 INFO sqlalchemy.engine.Engine [raw sql] ()
2026-03-11 20:44:27,537 INFO sqlalchemy.engine.Engine PRAGMA main.table_info("product_comments")
2026-03-11 20:44:27,537 INFO sqlalchemy.engine.Engine [raw sql] ()
2026-03-11 20:44:27,538 INFO sqlalchemy.engine.Engine PRAGMA main.table_info("quality_rule_sets")
2026-03-11 20:44:27,539 INFO sqlalchemy.engine.Engine [raw sql] ()
2026-03-11 20:44:27,540 INFO sqlalchemy.engine.Engine PRAGMA main.table_info("quality_rules")
2026-03-11 20:44:27,540 INFO sqlalchemy.engine.Engine [raw sql] ()
2026-03-11 20:44:27,541 INFO sqlalchemy.engine.Engine PRAGMA main.table_info("product_sync_history")
2026-03-11 20:44:27,541 INFO sqlalchemy.engine.Engine [raw sql] ()
2026-03-11 20:44:27,544 INFO sqlalchemy.engine.Engine PRAGMA main.table_info("sync_jobs")
2026-03-11 20:44:27,553 INFO sqlalchemy.engine.Engine [raw sql] ()
2026-03-11 20:44:27,555 INFO sqlalchemy.engine.Engine PRAGMA main.table_info("saved_views")
2026-03-11 20:44:27,555 INFO sqlalchemy.engine.Engine [raw sql] ()
2026-03-11 20:44:27,556 INFO sqlalchemy.engine.Engine COMMIT
2026-03-11 20:44:27,558 INFO sqlalchemy.engine.Engine BEGIN (implicit)
2026-03-11 20:44:27,591 INFO sqlalchemy.engine.Engine SELECT users.email, users.hashed_password, users.full_name, users.role, users.scopes, users.is_active, users.id, users.created_at, users.updated_at 
FROM users 
WHERE users.email = ?
2026-03-11 20:44:27,591 INFO sqlalchemy.engine.Engine [generated in 0.00067s] ('admin@pim.local',)
2026-03-11 20:44:27,628 INFO sqlalchemy.engine.Engine UPDATE users SET hashed_password=?, updated_at=CURRENT_TIMESTAMP WHERE users.id = ?
2026-03-11 20:44:27,629 INFO sqlalchemy.engine.Engine [generated in 0.00107s] ('$pbkdf2-sha256$29000$PYdQylkL4XwPwfhfy/m/1w$gD1sEJACU6R8wJpvUL.CQluMAWpXbElD7Hzv/uT9Bgw', '09ccfdd5-0c60-41a0-bae8-f0c408971aef')
2026-03-11 20:44:27,632 INFO sqlalchemy.engine.Engine COMMIT
2026-03-11 20:44:27,639 INFO sqlalchemy.engine.Engine BEGIN (implicit)
2026-03-11 20:44:27,643 INFO sqlalchemy.engine.Engine SELECT sync_jobs.channel, sync_jobs.status, sync_jobs.filters, sync_jobs.started_at, sync_jobs.finished_at, sync_jobs.metrics, sync_jobs.error_message, sync_jobs.retry_count, sync_jobs.max_retries, sync_jobs.next_retry_at, sync_jobs.scheduled, sync_jobs.cron_expression, sync_jobs.next_run_at, sync_jobs.id, sync_jobs.created_at, sync_jobs.updated_at 
FROM sync_jobs 
WHERE sync_jobs.status = ? AND sync_jobs.next_retry_at <= ?
2026-03-11 20:44:27,649 INFO sqlalchemy.engine.Engine [generated in 0.00751s] ('retry_pending', '2026-03-11 19:44:27.639195')
2026-03-11 20:44:27,656 INFO sqlalchemy.engine.Engine ROLLBACK
INFO:     127.0.0.1:52206 - "GET /api/v1/export/resources HTTP/1.1" 401 Unauthorized
2026-03-11 20:44:57,668 INFO sqlalchemy.engine.Engine BEGIN (implicit)
2026-03-11 20:44:57,686 INFO sqlalchemy.engine.Engine SELECT sync_jobs.channel, sync_jobs.status, sync_jobs.filters, sync_jobs.started_at, sync_jobs.finished_at, sync_jobs.metrics, sync_jobs.error_message, sync_jobs.retry_count, sync_jobs.max_retries, sync_jobs.next_retry_at, sync_jobs.scheduled, sync_jobs.cron_expression, sync_jobs.next_run_at, sync_jobs.id, sync_jobs.created_at, sync_jobs.updated_at 
FROM sync_jobs 
WHERE sync_jobs.status = ? AND sync_jobs.next_retry_at <= ?
2026-03-11 20:44:57,687 INFO sqlalchemy.engine.Engine [cached since 30.05s ago] ('retry_pending', '2026-03-11 19:44:57.667022')
2026-03-11 20:44:57,691 INFO sqlalchemy.engine.Engine ROLLBACK
